#
# A fatal error has been detected by the Java Runtime Environment:
#
#  EXCEPTION_ACCESS_VIOLATION (0xc0000005) at pc=0x514a757e, pid=25460, tid=0x00000de8
#
# JRE version: Java(TM) SE Runtime Environment (8.0_191-b12) (build 1.8.0_191-b12)
# Java VM: Java HotSpot(TM) Client VM (25.191-b12 mixed mode windows-x86 )
# Problematic frame:
# V  [jvm.dll+0xe757e]
#
# Failed to write core dump. Minidumps are not enabled by default on client versions of Windows
#
# If you would like to submit a bug report, please visit:
#   http://bugreport.java.com/bugreport/crash.jsp
#

---------------  T H R E A D  ---------------

Current thread (0x28fc8c00):  JavaThread "EventThread COM3" [_thread_in_vm, id=3560, stack(0x03130000,0x03180000)]

siginfo: ExceptionCode=0xc0000005, reading address 0x00000000

Registers:
EAX=0x00000000, EBX=0x0149c100, ECX=0x28fc8c00, EDX=0x0000009f
ESP=0x0317657c, EBP=0x03176598, ESI=0x00000000, EDI=0x28fc8c00
EIP=0x514a757e, EFLAGS=0x00010246

Top of Stack: (sp=0x0317657c)
0x0317657c:   031765b4 28fc8d40 0149c100 28fc8c00
0x0317658c:   2a08a054 0000009f 516a5568 0317f5e8
0x0317659c:   6400183d 28fc8d40 00000000 00000000
0x031765ac:   00008fe8 031765b4 0a0d0a0d 0a0d0a0d
0x031765bc:   0a0d0a0d 0a0d0a0d 0a0d0a0d 0a0d0a0d
0x031765cc:   0a0d0a0d 0a0d0a0d 0a0d0a0d 0a0d0a0d
0x031765dc:   0a0d0a0d 0a0d0a0d 0a0d0a0d 0a0d0a0d
0x031765ec:   0a0d0a0d 0a0d0a0d 0a0d0a0d 0a0d0a0d 

Instructions: (pc=0x514a757e)
0x514a755e:   c4 08 83 7f 04 00 89 7d f0 c7 45 f4 00 00 00 00
0x514a756e:   74 08 8d 4d f0 e8 e8 34 0c 00 8b 75 10 8b 45 0c
0x514a757e:   8b 10 85 f6 78 32 8b 45 14 85 c0 78 2b 8d 0c 06
0x514a758e:   3b 4a 08 77 23 85 c0 7e 3b 8b 4a 04 8b 49 04 83 


Register to memory mapping:

EAX=0x00000000 is an unknown value
EBX=0x0149c100 is an unknown value
ECX=0x28fc8c00 is a thread
EDX=0x0000009f is an unknown value
ESP=0x0317657c is pointing into the stack for thread: 0x28fc8c00
EBP=0x03176598 is pointing into the stack for thread: 0x28fc8c00
ESI=0x00000000 is an unknown value
EDI=0x28fc8c00 is a thread


Stack: [0x03130000,0x03180000],  sp=0x0317657c,  free space=281k
Native frames: (J=compiled Java code, j=interpreted, Vv=VM code, C=native code)
V  [jvm.dll+0xe757e]
C  [jSSC-2.8_x86.dll+0x183d]
J 3116  jssc.SerialNativeInterface.readBytes(JI)[B (0 bytes) @ 0x03fb6425 [0x03fb6390+0x95]
J 7064 C1 jssc.SerialPort$EventThread.run()V (84 bytes) @ 0x040019b0 [0x04001740+0x270]
v  ~StubRoutines::call_stub
V  [jvm.dll+0x15c315]
V  [jvm.dll+0x223ece]
V  [jvm.dll+0x15c3ae]
V  [jvm.dll+0x15c536]
V  [jvm.dll+0x15c5a7]
V  [jvm.dll+0x1002ef]
V  [jvm.dll+0x17f550]
V  [jvm.dll+0x17fdca]
V  [jvm.dll+0x1c57a6]
C  [msvcr100.dll+0x5c556]
C  [msvcr100.dll+0x5c600]
C  [KERNEL32.DLL+0x1fa29]
C  [ntdll.dll+0x67a9e]
C  [ntdll.dll+0x67a6e]
C  0x00000000

Java frames: (J=compiled Java code, j=interpreted, Vv=VM code)
J 3116  jssc.SerialNativeInterface.readBytes(JI)[B (0 bytes) @ 0x03fb63e1 [0x03fb6390+0x51]
J 7064 C1 jssc.SerialPort$EventThread.run()V (84 bytes) @ 0x040019b0 [0x04001740+0x270]
v  ~StubRoutines::call_stub

---------------  P R O C E S S  ---------------

Java Threads: ( => current thread )
=>0x28fc8c00 JavaThread "EventThread COM3" [_thread_in_vm, id=3560, stack(0x03130000,0x03180000)]
  0x28fcc400 JavaThread "DestroyJavaVM" [_thread_blocked, id=19832, stack(0x02f20000,0x02f70000)]
  0x28fc9400 JavaThread "TimerQueue" daemon [_thread_blocked, id=23040, stack(0x281e0000,0x28230000)]
  0x28fc8800 JavaThread "Batik CleanerThread" daemon [_thread_blocked, id=20256, stack(0x279c0000,0x27a10000)]
  0x28e24000 JavaThread "AWT-EventQueue-0" [_thread_blocked, id=8472, stack(0x277b0000,0x27800000)]
  0x28e25800 JavaThread "AWT-Shutdown" [_thread_blocked, id=15724, stack(0x27720000,0x27770000)]
  0x28e24c00 JavaThread "JmDNS(DESKTOP-8A78FSQ.local.).State.Timer" [_thread_blocked, id=13384, stack(0x2a030000,0x2a080000)]
  0x28e24400 JavaThread "JmDNS(DESKTOP-8A78FSQ.local.).Timer" daemon [_thread_blocked, id=23972, stack(0x29fa0000,0x29ff0000)]
  0x28e25000 JavaThread "SocketListener(DESKTOP-8A78FSQ.local.)" daemon [_thread_in_native, id=19640, stack(0x29f10000,0x29f60000)]
  0x28df3000 JavaThread "JmDNS(DESKTOP-8A78FSQ-lan.local.).State.Timer" [_thread_blocked, id=21660, stack(0x29cf0000,0x29d40000)]
  0x28df2c00 JavaThread "JmDNS(DESKTOP-8A78FSQ-lan.local.).Timer" daemon [_thread_blocked, id=28640, stack(0x29c60000,0x29cb0000)]
  0x28df0000 JavaThread "SocketListener(DESKTOP-8A78FSQ-lan.local.)" daemon [_thread_in_native, id=24048, stack(0x27270000,0x272c0000)]
  0x26c1f800 JavaThread "Multihomed mDNS.Timer" daemon [_thread_blocked, id=28280, stack(0x02fb0000,0x03000000)]
  0x26c1f000 JavaThread "cc.arduino.packages.discoverers.serial.SerialDiscovery" [_thread_blocked, id=196, stack(0x29920000,0x29970000)]
  0x26e11000 JavaThread "AWT-Windows" daemon [_thread_blocked, id=26496, stack(0x27300000,0x27350000)]
  0x26e0f000 JavaThread "Java2D Disposer" daemon [_thread_blocked, id=28260, stack(0x271e0000,0x27230000)]
  0x2647dc00 JavaThread "Service Thread" daemon [_thread_blocked, id=22120, stack(0x26a80000,0x26ad0000)]
  0x26454400 JavaThread "C1 CompilerThread0" daemon [_thread_blocked, id=3752, stack(0x269f0000,0x26a40000)]
  0x26453000 JavaThread "Attach Listener" daemon [_thread_blocked, id=17440, stack(0x26960000,0x269b0000)]
  0x2644f400 JavaThread "Signal Dispatcher" daemon [_thread_blocked, id=24928, stack(0x268d0000,0x26920000)]
  0x2643bc00 JavaThread "Finalizer" daemon [_thread_blocked, id=28060, stack(0x26740000,0x26790000)]
  0x26435c00 JavaThread "Reference Handler" daemon [_thread_blocked, id=16584, stack(0x266b0000,0x26700000)]

Other Threads:
  0x26420c00 VMThread [stack: 0x26620000,0x26670000] [id=17304]
  0x26480800 WatcherThread [stack: 0x26b10000,0x26b60000] [id=22148]

VM state:synchronizing (normal execution)

VM Mutex/Monitor currently owned by a thread:  ([mutex/lock_event])
[0x02d1e638] Threads_lock - owner thread: 0x26420c00
[0x02d1e840] Heap_lock - owner thread: 0x28e24000

Heap:
 def new generation   total 157248K, used 157247K [0x05e00000, 0x108a0000, 0x108a0000)
  eden space 139776K, 100% used [0x05e00000, 0x0e680000, 0x0e680000)
  from space 17472K,  99% used [0x0e680000, 0x0f78fff8, 0x0f790000)
  to   space 17472K,   0% used [0x0f790000, 0x0f790000, 0x108a0000)
 tenured generation   total 349568K, used 349567K [0x108a0000, 0x25e00000, 0x25e00000)
   the space 349568K,  99% used [0x108a0000, 0x25dfffc8, 0x25e00000, 0x25e00000)
 Metaspace       used 26172K, capacity 26793K, committed 26880K, reserved 27008K

Card table byte_map: [0x25e00000,0x25f10000] byte_map_base: 0x25dd1000

Polling page: 0x011d0000

CodeCache: size=32768Kb used=3178Kb max_used=6288Kb free=29589Kb
 bounds [0x03d10000, 0x04350000, 0x05d10000]
 total_blobs=1997 nmethods=1687 adapters=237
 compilation: enabled

Compilation events (10 events):
Event: 1799.304 Thread 0x26454400 9958             javax.swing.plaf.basic.BasicTextAreaUI$PlainParagraph$LogicalView::<init> (6 bytes)
Event: 1799.304 Thread 0x26454400 nmethod 9958 0x04202108 code [0x04202200, 0x04202380]
Event: 1799.304 Thread 0x26454400 9959             javax.swing.plaf.basic.BasicTextAreaUI$PlainParagraph$LogicalView::loadChildren (37 bytes)
Event: 1799.305 Thread 0x26454400 nmethod 9959 0x04201c08 code [0x04201d40, 0x04201f80]
Event: 1799.305 Thread 0x26454400 9960             javax.swing.text.AbstractDocument$LeafElement::getElementCount (2 bytes)
Event: 1799.305 Thread 0x26454400 nmethod 9960 0x03e26dc8 code [0x03e26ec0, 0x03e26f40]
Event: 1799.305 Thread 0x26454400 9961   !         sun.reflect.GeneratedConstructorAccessor43::newInstance (49 bytes)
Event: 1799.305 Thread 0x26454400 nmethod 9961 0x042014c8 code [0x04201610, 0x0420195c]
Event: 1799.308 Thread 0x26454400 9962 %           javax.swing.text.CompositeView::loadChildren @ 30 (70 bytes)
Event: 1799.308 Thread 0x26454400 nmethod 9962% 0x04200e88 code [0x04200fd0, 0x042012c0]

GC Heap History (10 events):
Event: 1804.342 GC heap before
{Heap before GC invocations=83 (full 17):
 def new generation   total 157248K, used 157247K [0x05e00000, 0x108a0000, 0x108a0000)
  eden space 139776K, 100% used [0x05e00000, 0x0e680000, 0x0e680000)
  from space 17472K,  99% used [0x0e680000, 0x0f78fff8, 0x0f790000)
  to   space 17472K,   0% used [0x0f790000, 0x0f790000, 0x108a0000)
 tenured generation   total 349568K, used 349567K [0x108a0000, 0x25e00000, 0x25e00000)
   the space 349568K,  99% used [0x108a0000, 0x25dffff8, 0x25e00000, 0x25e00000)
 Metaspace       used 26172K, capacity 26793K, committed 26880K, reserved 27008K
Event: 1804.811 GC heap after
Heap after GC invocations=84 (full 18):
 def new generation   total 157248K, used 157223K [0x05e00000, 0x108a0000, 0x108a0000)
  eden space 139776K, 100% used [0x05e00000, 0x0e680000, 0x0e680000)
  from space 17472K,  99% used [0x0e680000, 0x0f789f40, 0x0f790000)
  to   space 17472K,   0% used [0x0f790000, 0x0f790000, 0x108a0000)
 tenured generation   total 349568K, used 349567K [0x108a0000, 0x25e00000, 0x25e00000)
   the space 349568K,  99% used [0x108a0000, 0x25dffff8, 0x25e00000, 0x25e00000)
 Metaspace       used 26172K, capacity 26793K, committed 26880K, reserved 27008K
}
Event: 1804.812 GC heap before
{Heap before GC invocations=84 (full 18):
 def new generation   total 157248K, used 157247K [0x05e00000, 0x108a0000, 0x108a0000)
  eden space 139776K, 100% used [0x05e00000, 0x0e680000, 0x0e680000)
  from space 17472K,  99% used [0x0e680000, 0x0f78fe90, 0x0f790000)
  to   space 17472K,   0% used [0x0f790000, 0x0f790000, 0x108a0000)
 tenured generation   total 349568K, used 349567K [0x108a0000, 0x25e00000, 0x25e00000)
   the space 349568K,  99% used [0x108a0000, 0x25dffff8, 0x25e00000, 0x25e00000)
 Metaspace       used 26172K, capacity 26793K, committed 26880K, reserved 27008K
Event: 1805.272 GC heap after
Heap after GC invocations=85 (full 19):
 def new generation   total 157248K, used 157212K [0x05e00000, 0x108a0000, 0x108a0000)
  eden space 139776K, 100% used [0x05e00000, 0x0e680000, 0x0e680000)
  from space 17472K,  99% used [0x0e680000, 0x0f787048, 0x0f790000)
  to   space 17472K,   0% used [0x0f790000, 0x0f790000, 0x108a0000)
 tenured generation   total 349568K, used 349567K [0x108a0000, 0x25e00000, 0x25e00000)
   the space 349568K,  99% used [0x108a0000, 0x25dffff8, 0x25e00000, 0x25e00000)
 Metaspace       used 26172K, capacity 26793K, committed 26880K, reserved 27008K
}
Event: 1805.273 GC heap before
{Heap before GC invocations=85 (full 19):
 def new generation   total 157248K, used 157247K [0x05e00000, 0x108a0000, 0x108a0000)
  eden space 139776K, 100% used [0x05e00000, 0x0e680000, 0x0e680000)
  from space 17472K,  99% used [0x0e680000, 0x0f78ffd8, 0x0f790000)
  to   space 17472K,   0% used [0x0f790000, 0x0f790000, 0x108a0000)
 tenured generation   total 349568K, used 349567K [0x108a0000, 0x25e00000, 0x25e00000)
   the space 349568K,  99% used [0x108a0000, 0x25dffff8, 0x25e00000, 0x25e00000)
 Metaspace       used 26172K, capacity 26793K, committed 26880K, reserved 27008K
Event: 1805.738 GC heap after
Heap after GC invocations=86 (full 20):
 def new generation   total 157248K, used 157234K [0x05e00000, 0x108a0000, 0x108a0000)
  eden space 139776K, 100% used [0x05e00000, 0x0e680000, 0x0e680000)
  from space 17472K,  99% used [0x0e680000, 0x0f78c9e8, 0x0f790000)
  to   space 17472K,   0% used [0x0f790000, 0x0f790000, 0x108a0000)
 tenured generation   total 349568K, used 349524K [0x108a0000, 0x25e00000, 0x25e00000)
   the space 349568K,  99% used [0x108a0000, 0x25df5220, 0x25df5400, 0x25e00000)
 Metaspace       used 26172K, capacity 26793K, committed 26880K, reserved 27008K
}
Event: 1805.738 GC heap before
{Heap before GC invocations=86 (full 20):
 def new generation   total 157248K, used 157247K [0x05e00000, 0x108a0000, 0x108a0000)
  eden space 139776K, 100% used [0x05e00000, 0x0e680000, 0x0e680000)
  from space 17472K,  99% used [0x0e680000, 0x0f78fff8, 0x0f790000)
  to   space 17472K,   0% used [0x0f790000, 0x0f790000, 0x108a0000)
 tenured generation   total 349568K, used 349547K [0x108a0000, 0x25e00000, 0x25e00000)
   the space 349568K,  99% used [0x108a0000, 0x25dfaf48, 0x25dfb000, 0x25e00000)
 Metaspace       used 26172K, capacity 26793K, committed 26880K, reserved 27008K
Event: 1806.200 GC heap after
Heap after GC invocations=87 (full 21):
 def new generation   total 157248K, used 157216K [0x05e00000, 0x108a0000, 0x108a0000)
  eden space 139776K, 100% used [0x05e00000, 0x0e680000, 0x0e680000)
  from space 17472K,  99% used [0x0e680000, 0x0f7882b8, 0x0f790000)
  to   space 17472K,   0% used [0x0f790000, 0x0f790000, 0x108a0000)
 tenured generation   total 349568K, used 349547K [0x108a0000, 0x25e00000, 0x25e00000)
   the space 349568K,  99% used [0x108a0000, 0x25dfaf48, 0x25dfb000, 0x25e00000)
 Metaspace       used 26172K, capacity 26793K, committed 26880K, reserved 27008K
}
Event: 1806.200 GC heap before
{Heap before GC invocations=87 (full 21):
 def new generation   total 157248K, used 157216K [0x05e00000, 0x108a0000, 0x108a0000)
  eden space 139776K, 100% used [0x05e00000, 0x0e680000, 0x0e680000)
  from space 17472K,  99% used [0x0e680000, 0x0f7882b8, 0x0f790000)
  to   space 17472K,   0% used [0x0f790000, 0x0f790000, 0x108a0000)
 tenured generation   total 349568K, used 349547K [0x108a0000, 0x25e00000, 0x25e00000)
   the space 349568K,  99% used [0x108a0000, 0x25dfaf48, 0x25dfb000, 0x25e00000)
 Metaspace       used 26172K, capacity 26793K, committed 26880K, reserved 27008K
Event: 1806.657 GC heap after
Heap after GC invocations=88 (full 22):
 def new generation   total 157248K, used 157216K [0x05e00000, 0x108a0000, 0x108a0000)
  eden space 139776K, 100% used [0x05e00000, 0x0e680000, 0x0e680000)
  from space 17472K,  99% used [0x0e680000, 0x0f7882b8, 0x0f790000)
  to   space 17472K,   0% used [0x0f790000, 0x0f790000, 0x108a0000)
 tenured generation   total 349568K, used 349532K [0x108a0000, 0x25e00000, 0x25e00000)
   the space 349568K,  99% used [0x108a0000, 0x25df7048, 0x25df7200, 0x25e00000)
 Metaspace       used 26172K, capacity 26793K, committed 26880K, reserved 27008K
}

Deoptimization events (0 events):
No events

Classes redefined (0 events):
No events

Internal exceptions (10 events):
Event: 1758.377 Thread 0x28fca000 Exception <a 'sun/nio/fs/WindowsException'> (0x090a3898) thrown at [C:\workspace\8-2-build-windows-i586-cygwin\jdk8u191\11896\hotspot\src\share\vm\prims\jni.cpp, line 709]
Event: 1758.380 Thread 0x28fca000 Exception <a 'sun/nio/fs/WindowsException'> (0x090cb2f8) thrown at [C:\workspace\8-2-build-windows-i586-cygwin\jdk8u191\11896\hotspot\src\share\vm\prims\jni.cpp, line 709]
Event: 1758.380 Thread 0x28fca000 Exception <a 'sun/nio/fs/WindowsException'> (0x090cb8b0) thrown at [C:\workspace\8-2-build-windows-i586-cygwin\jdk8u191\11896\hotspot\src\share\vm\prims\jni.cpp, line 709]
Event: 1758.383 Thread 0x28fca000 Exception <a 'sun/nio/fs/WindowsException'> (0x090d70a0) thrown at [C:\workspace\8-2-build-windows-i586-cygwin\jdk8u191\11896\hotspot\src\share\vm\prims\jni.cpp, line 709]
Event: 1758.383 Thread 0x28fca000 Exception <a 'sun/nio/fs/WindowsException'> (0x090d7620) thrown at [C:\workspace\8-2-build-windows-i586-cygwin\jdk8u191\11896\hotspot\src\share\vm\prims\jni.cpp, line 709]
Event: 1758.385 Thread 0x28fca000 Exception <a 'sun/nio/fs/WindowsException'> (0x090e22d0) thrown at [C:\workspace\8-2-build-windows-i586-cygwin\jdk8u191\11896\hotspot\src\share\vm\prims\jni.cpp, line 709]
Event: 1758.385 Thread 0x28fca000 Exception <a 'sun/nio/fs/WindowsException'> (0x090e2878) thrown at [C:\workspace\8-2-build-windows-i586-cygwin\jdk8u191\11896\hotspot\src\share\vm\prims\jni.cpp, line 709]
Event: 1758.387 Thread 0x28fca000 Exception <a 'sun/nio/fs/WindowsException'> (0x090f0950) thrown at [C:\workspace\8-2-build-windows-i586-cygwin\jdk8u191\11896\hotspot\src\share\vm\prims\jni.cpp, line 709]
Event: 1758.387 Thread 0x28fca000 Exception <a 'sun/nio/fs/WindowsException'> (0x090f0ed0) thrown at [C:\workspace\8-2-build-windows-i586-cygwin\jdk8u191\11896\hotspot\src\share\vm\prims\jni.cpp, line 709]
Event: 1806.658 Thread 0x28fc8c00 Exception <a 'java/lang/OutOfMemoryError'> (0x10930cc0) thrown at [C:\workspace\8-2-build-windows-i586-cygwin\jdk8u191\11896\hotspot\src\share\vm\gc_interface/collectedHeap.inline.hpp, line 159]

Events (10 events):
Event: 1803.878 Executing VM operation: GenCollectForAllocation
Event: 1804.342 Executing VM operation: GenCollectForAllocation done
Event: 1804.342 Executing VM operation: GenCollectForAllocation
Event: 1804.811 Executing VM operation: GenCollectForAllocation done
Event: 1804.812 Executing VM operation: GenCollectForAllocation
Event: 1805.272 Executing VM operation: GenCollectForAllocation done
Event: 1805.272 Executing VM operation: GenCollectForAllocation
Event: 1805.738 Executing VM operation: GenCollectForAllocation done
Event: 1805.738 Executing VM operation: GenCollectForAllocation
Event: 1806.658 Executing VM operation: GenCollectForAllocation done


Dynamic libraries:
0x00d90000 - 0x00dc3000 	C:\Program Files (x86)\Arduino\java\bin\javaw.exe
0x776a0000 - 0x77844000 	C:\Windows\SYSTEM32\ntdll.dll
0x75650000 - 0x75740000 	C:\Windows\System32\KERNEL32.DLL
0x75ed0000 - 0x760e8000 	C:\Windows\System32\KERNELBASE.dll
0x77010000 - 0x7708b000 	C:\Windows\System32\ADVAPI32.dll
0x75830000 - 0x758ef000 	C:\Windows\System32\msvcrt.dll
0x76630000 - 0x766a6000 	C:\Windows\System32\sechost.dll
0x76cb0000 - 0x76d6e000 	C:\Windows\System32\RPCRT4.dll
0x76d70000 - 0x76f0c000 	C:\Windows\System32\USER32.dll
0x75be0000 - 0x75bf8000 	C:\Windows\System32\win32u.dll
0x77380000 - 0x773a3000 	C:\Windows\System32\GDI32.dll
0x775b0000 - 0x7768c000 	C:\Windows\System32\gdi32full.dll
0x77520000 - 0x7759b000 	C:\Windows\System32\msvcp_win.dll
0x770c0000 - 0x771e0000 	C:\Windows\System32\ucrtbase.dll
0x69e70000 - 0x6a080000 	C:\Windows\WinSxS\x86_microsoft.windows.common-controls_6595b64144ccf1df_6.0.19041.1110_none_a8625c1886757984\COMCTL32.dll
0x77090000 - 0x770b5000 	C:\Windows\System32\IMM32.DLL
0x517a0000 - 0x5185f000 	C:\Program Files (x86)\Arduino\java\bin\msvcr100.dll
0x513c0000 - 0x51793000 	C:\Program Files (x86)\Arduino\java\bin\client\jvm.dll
0x775a0000 - 0x775a6000 	C:\Windows\System32\PSAPI.DLL
0x74130000 - 0x74138000 	C:\Windows\SYSTEM32\VERSION.dll
0x74e10000 - 0x74e18000 	C:\Windows\SYSTEM32\WSOCK32.dll
0x74d50000 - 0x74d78000 	C:\Windows\SYSTEM32\WINMM.dll
0x75b70000 - 0x75bd3000 	C:\Windows\System32\WS2_32.dll
0x51390000 - 0x513c0000 	C:\Program Files (x86)\Arduino\java\bin\splashscreen.dll
0x70cb0000 - 0x70d24000 	C:\Windows\system32\uxtheme.dll
0x758f0000 - 0x75b6f000 	C:\Windows\System32\combase.dll
0x651b0000 - 0x651bc000 	C:\Program Files (x86)\Arduino\java\bin\verify.dll
0x773b0000 - 0x77484000 	C:\Windows\System32\MSCTF.dll
0x77290000 - 0x77326000 	C:\Windows\System32\OLEAUT32.dll
0x51360000 - 0x51382000 	C:\Program Files (x86)\Arduino\java\bin\java.dll
0x74140000 - 0x7414f000 	C:\Windows\SYSTEM32\kernel.appcore.dll
0x76540000 - 0x7659f000 	C:\Windows\System32\bcryptPrimitives.dll
0x68fd0000 - 0x69089000 	C:\Windows\SYSTEM32\textinputframework.dll
0x64e20000 - 0x6509e000 	C:\Windows\System32\CoreUIComponents.dll
0x68ea0000 - 0x68f3b000 	C:\Windows\System32\CoreMessaging.dll
0x765a0000 - 0x76627000 	C:\Windows\System32\SHCORE.dll
0x74cb0000 - 0x74cd9000 	C:\Windows\SYSTEM32\ntmarta.dll
0x6ebf0000 - 0x6eccb000 	C:\Windows\SYSTEM32\wintypes.dll
0x50290000 - 0x502a4000 	C:\Program Files (x86)\Arduino\java\bin\zip.dll
0x766f0000 - 0x76ca6000 	C:\Windows\System32\SHELL32.dll
0x745c0000 - 0x74bcc000 	C:\Windows\SYSTEM32\windows.storage.dll
0x738b0000 - 0x738d4000 	C:\Windows\SYSTEM32\Wldp.dll
0x75d70000 - 0x75db5000 	C:\Windows\System32\shlwapi.dll
0x6f110000 - 0x6f128000 	C:\Windows\SYSTEM32\profapi.dll
0x61940000 - 0x619b3000 	C:\Program Files (x86)\Arduino\lib\listSerialsj.dll
0x76100000 - 0x76539000 	C:\Windows\System32\SETUPAPI.dll
0x766b0000 - 0x766eb000 	C:\Windows\System32\cfgmgr32.dll
0x77350000 - 0x77369000 	C:\Windows\System32\bcrypt.dll
0x50270000 - 0x5028d000 	C:\Program Files (x86)\Arduino\lib\jnidispatch-4.2.2-win32-x86.dll
0x75740000 - 0x75823000 	C:\Windows\System32\Ole32.dll
0x50250000 - 0x50265000 	C:\Program Files (x86)\Arduino\java\bin\net.dll
0x74ce0000 - 0x74d32000 	C:\Windows\system32\mswsock.dll
0x5e5a0000 - 0x5e5af000 	C:\Program Files (x86)\Arduino\java\bin\nio.dll
0x50100000 - 0x50247000 	C:\Program Files (x86)\Arduino\java\bin\awt.dll
0x68850000 - 0x688ef000 	C:\Windows\SYSTEM32\apphelp.dll
0x70c80000 - 0x70ca6000 	C:\Windows\system32\DWMAPI.DLL
0x500c0000 - 0x500f9000 	C:\Program Files (x86)\Arduino\java\bin\fontmanager.dll
0x64290000 - 0x64394000 	C:\Windows\system32\opengl32.dll
0x64250000 - 0x6428f000 	C:\Windows\SYSTEM32\GLU32.dll
0x778e0000 - 0x77912000 	C:\Program Files (x86)\Arduino\java\bin\t2k.dll
0x50d30000 - 0x50d3a000 	C:\Program Files (x86)\Arduino\java\bin\management.dll
0x6f0f0000 - 0x6f101000 	C:\Windows\system32\napinsp.dll
0x6f0d0000 - 0x6f0e6000 	C:\Windows\system32\pnrpnsp.dll
0x6f0c0000 - 0x6f0d0000 	C:\Windows\system32\wshbth.dll
0x6f0a0000 - 0x6f0b6000 	C:\Windows\system32\NLAapi.dll
0x75420000 - 0x75452000 	C:\Windows\SYSTEM32\IPHLPAPI.DLL
0x72a10000 - 0x72aa1000 	C:\Windows\SYSTEM32\DNSAPI.dll
0x760f0000 - 0x760f7000 	C:\Windows\System32\NSI.dll
0x6f090000 - 0x6f09e000 	C:\Windows\System32\winrnr.dll
0x729e0000 - 0x72a01000 	C:\Program Files (x86)\Bonjour\mdnsNSP.dll
0x72970000 - 0x729c9000 	C:\Windows\System32\fwpuclnt.dll
0x729d0000 - 0x729d8000 	C:\Windows\System32\rasadhlp.dll
0x6e7d0000 - 0x6e7e4000 	C:\Windows\SYSTEM32\dhcpcsvc6.DLL
0x6e7b0000 - 0x6e7c6000 	C:\Windows\SYSTEM32\dhcpcsvc.DLL
0x70d60000 - 0x70d73000 	C:\Windows\SYSTEM32\CRYPTSP.dll
0x70d30000 - 0x70d5f000 	C:\Windows\system32\rsaenh.dll
0x714c0000 - 0x714e5000 	C:\Windows\SYSTEM32\USERENV.dll
0x70c70000 - 0x70c7a000 	C:\Windows\SYSTEM32\CRYPTBASE.dll
0x5e5b0000 - 0x5e619000 	C:\Program Files (x86)\Arduino\msvcp100.dll
0x7b400000 - 0x7b4be000 	C:\Program Files (x86)\Arduino\msvcr100.dll
0x27800000 - 0x27832000 	C:\Program Files (x86)\Arduino\lib\AStylej.dll
0x51880000 - 0x518a4000 	C:\Program Files (x86)\Arduino\java\bin\dcpr.dll
0x75570000 - 0x755ee000 	C:\Windows\System32\clbcatq.dll
0x562f0000 - 0x56461000 	C:\Windows\SYSTEM32\WindowsCodecs.dll
0x545a0000 - 0x545d1000 	C:\Windows\system32\dataexchange.dll
0x570b0000 - 0x57215000 	C:\Windows\system32\dcomp.dll
0x5df60000 - 0x5e140000 	C:\Windows\system32\d3d11.dll
0x65d80000 - 0x65e43000 	C:\Windows\system32\dxgi.dll
0x6ecd0000 - 0x6ee5f000 	C:\Windows\system32\twinapi.appcore.dll
0x54390000 - 0x543b0000 	C:\Program Files (x86)\Arduino\java\bin\sunec.dll
0x68c30000 - 0x68c39000 	C:\Program Files (x86)\Arduino\java\bin\sunmscapi.dll
0x76f10000 - 0x7700a000 	C:\Windows\System32\CRYPT32.dll
0x73750000 - 0x73774000 	C:\Windows\SYSTEM32\DEVOBJ.dll
0x77240000 - 0x7728c000 	C:\Windows\System32\WINTRUST.dll
0x738a0000 - 0x738ae000 	C:\Windows\SYSTEM32\MSASN1.dll
0x64000000 - 0x6401b000 	C:\Program Files (x86)\Arduino\lib\jSSC-2.8_x86.dll
0x68920000 - 0x68aa8000 	C:\Windows\SYSTEM32\dbghelp.dll

VM Arguments:
jvm_args: -Dsun.java2d.d3d=false -Djna.nosys=true -Djna.nounpack=true -Djna.boot.library.name=jnidispatch-4.2.2-win32-x86 -Djna.boot.library.path=C:\Program Files (x86)\Arduino/lib -Djssc.library.path=C:\Program Files (x86)\Arduino/lib -DAPP_DIR=C:\Program Files (x86)\Arduino -Xms128M -Xmx512M -Dfile.encoding=UTF8 -Djava.net.preferIPv4Stack=true 
java_command: processing.app.Base C:\Users\imtired\Documents\GitHub\GPSFIKS\gps_mkr1000\gps_mkr1000.ino
java_class_path (initial): C:\Program Files (x86)\Arduino\lib\apple.jar;C:\Program Files (x86)\Arduino\lib\arduino-core.jar;C:\Program Files (x86)\Arduino\lib\batik-1.8.jar;C:\Program Files (x86)\Arduino\lib\batik-anim-1.8.jar;C:\Program Files (x86)\Arduino\lib\batik-awt-util-1.8.jar;C:\Program Files (x86)\Arduino\lib\batik-bridge-1.8.jar;C:\Program Files (x86)\Arduino\lib\batik-codec-1.8.jar;C:\Program Files (x86)\Arduino\lib\batik-css-1.8.jar;C:\Program Files (x86)\Arduino\lib\batik-dom-1.8.jar;C:\Program Files (x86)\Arduino\lib\batik-ext-1.8.jar;C:\Program Files (x86)\Arduino\lib\batik-gvt-1.8.jar;C:\Program Files (x86)\Arduino\lib\batik-parser-1.8.jar;C:\Program Files (x86)\Arduino\lib\batik-rasterizer-1.8.jar;C:\Program Files (x86)\Arduino\lib\batik-script-1.8.jar;C:\Program Files (x86)\Arduino\lib\batik-squiggle-1.8.jar;C:\Program Files (x86)\Arduino\lib\batik-svg-dom-1.8.jar;C:\Program Files (x86)\Arduino\lib\batik-svgpp-1.8.jar;C:\Program Files (x86)\Arduino\lib\batik-transcoder-1.8.jar;C:\Program Files (x86)\Arduino\lib\batik-util-1.8.jar;C:\Program Files (x86)\Arduino\lib\batik-xml-1.8.jar;C:\Program Files (x86)\Arduino\lib\bcpg-jdk15on-152.jar;C:\Program Files (x86)\Arduino\lib\bcprov-jdk15on-152.jar;C:\Program Files (x86)\Arduino\lib\commons-codec-1.7.jar;C:\Program Files (x86)\Arduino\lib\commons-compress-1.8.jar;C:\Program Files (x86)\Arduino\lib\commons-exec-1.1.jar;C:\Program Files (x86)\Arduino\lib\commons-httpclient-3.1.jar;C:\Program Files (x86)\Arduino\lib\commons-lang3-3.8.1.jar;C:\Program Files (x86)\Arduino\lib\commons-logging-1.0.4.jar;C:\Program Files (x86)\Arduino\lib\commons-net-3.3.jar;C:\Program Files (x86)\Arduino\lib\commons-io-2.6.jar;C:\Program Files (x86)\Arduino\lib\jackson-annotations-2.9.5.jar;C:\Program Files (x86)\Arduino\lib\jackson-core-2.9.5.jar;C:\Program Files (x86)\Arduino\lib\jackson-databind-2.9.5.jar;C:\Program Files (x86)\Arduino\lib\java-semver-0.8.0.jar;C:\Program Files (x86)\Arduino\lib\jmdns-3.5.5.jar;C:\Program
Launcher Type: SUN_STANDARD

Environment Variables:
PATH=C:\Program Files\Zulu\zulu-17\bin\;C:\Program Files\Oculus\Support\oculus-runtime;C:\Program Files (x86)\Razer Chroma SDK\bin;C:\Program Files\Razer Chroma SDK\bin;C:\Program Files\Common Files\Oracle\Java\javapath;C:\Program Files\AdoptOpenJDK\jdk-8.0.282.8-hotspot\bin;C:\Users\imtired\AppData\Local\Programs\Python\Python39\Scripts\;C:\Users\imtired\AppData\Local\Programs\Python\Python39\;C:\Program Files (x86)\Razer\ChromaBroadcast\bin;C:\Program Files\Razer\ChromaBroadcast\bin;C:\Program Files (x86)\Common Files\Oracle\Java\javapath;C:\Windows\system32;C:\Windows;C:\Windows\System32\Wbem;C:\Windows\System32\WindowsPowerShell\v1.0\;C:\Windows\System32\OpenSSH\;C:\Program Files (x86)\NVIDIA Corporation\PhysX\Common;C:\Windows\system32\config\systemprofile\AppData\Local\Microsoft\WindowsApps;C:\Program Files\Git\cmd;C:\Program Files\nodejs\;C:\ProgramData\chocolatey\bin;C:\Program Files\dotnet\;C:\Users\imtired\AppData\Local\Microsoft\WindowsApps;C:\Users\imtired\AppData\Local\GitHubDesktop\bin;C:\Users\imtired\AppData\Roaming\npm;C:\Users\imtired\AppData\Local\Programs\Microsoft VS Code\bin;C:\Program Files\JetBrains\IntelliJ IDEA Community Edition 2020.3.2\bin;C:\Users\imtired\.dotnet\tools;C:\Users\imtired\AppData\Local\Microsoft\WindowsApps;C:\Users\imtired\AppData\Local\GitHubDesktop\bin;C:\Users\imtired\AppData\Roaming\npm;C:\Users\imtired\AppData\Local\Programs\Microsoft VS Code\bin;C:\Program Files\JetBrains\IntelliJ IDEA Community Edition 2020.3.2\bin;;C:\Users\imtired\.dotnet\tools;;C:\ghcup\bin;C:\Program Files (x86)\Arduino\java\bin
USERNAME=imtired
OS=Windows_NT
PROCESSOR_IDENTIFIER=Intel64 Family 6 Model 165 Stepping 5, GenuineIntel



---------------  S Y S T E M  ---------------

OS: Windows 10.0 , 64 bit Build 19041 (10.0.19041.1741)

CPU:total 16 (initial active 16) (8 cores per cpu, 2 threads per core) family 6 model 165 stepping 5, cmov, cx8, fxsr, mmx, sse, sse2, sse3, ssse3, sse4.1, sse4.2, popcnt, avx, avx2, aes, clmul, erms, 3dnowpref, lzcnt, ht, tsc, tscinvbit, bmi1, bmi2, adx

Memory: 4k page, physical 33397712k(20303872k free), swap 38378448k(18098940k free)

vm_info: Java HotSpot(TM) Client VM (25.191-b12) for windows-x86 JRE (1.8.0_191-b12), built on Oct  6 2018 08:34:23 by "java_re" with MS VC++ 10.0 (VS2010)

time: Tue Jul 12 22:16:46 2022
elapsed time: 1806 seconds (0d 0h 30m 6s)

